[debug] [2023-12-05T21:30:40.703Z] ----------------------------------------------------------------------
[debug] [2023-12-05T21:30:40.705Z] Command:       /usr/local/bin/node /usr/local/bin/firebase init firestore
[debug] [2023-12-05T21:30:40.706Z] CLI Version:   12.9.1
[debug] [2023-12-05T21:30:40.706Z] Platform:      darwin
[debug] [2023-12-05T21:30:40.706Z] Node Version:  v18.17.1
[debug] [2023-12-05T21:30:40.708Z] Time:          Tue Dec 05 2023 22:30:40 GMT+0100 (GMT+01:00)
[debug] [2023-12-05T21:30:40.708Z] ----------------------------------------------------------------------
[debug] 
[debug] [2023-12-05T21:30:40.714Z] > command requires scopes: ["email","openid","https://www.googleapis.com/auth/cloudplatformprojects.readonly","https://www.googleapis.com/auth/firebase","https://www.googleapis.com/auth/cloud-platform"]
[debug] [2023-12-05T21:30:40.715Z] > authorizing via signed-in user (c.guentensperger@hotmail.com)
[info] 
     ######## #### ########  ######## ########     ###     ######  ########
     ##        ##  ##     ## ##       ##     ##  ##   ##  ##       ##
     ######    ##  ########  ######   ########  #########  ######  ######
     ##        ##  ##    ##  ##       ##     ## ##     ##       ## ##
     ##       #### ##     ## ######## ########  ##     ##  ######  ########

You're about to initialize a Firebase project in this directory:

  /Users/admotion/Desktop/projekt-2/recipeblog

[info] 
=== Project Setup
[info] 
[info] First, let's associate this project directory with a Firebase project.
[info] You can create multiple project aliases by running firebase use --add, 
[info] but for now we'll just set up a default project.
[info] 
[info] i  If you want to create a project in a Google Cloud organization or folder, please use "firebase projects:create" instead, and return to this command when you've created the project. 
[debug] [2023-12-05T21:32:23.059Z] >>> [apiv2][query] POST https://cloudresourcemanager.googleapis.com/v1/projects [none]
[debug] [2023-12-05T21:32:23.060Z] >>> [apiv2][body] POST https://cloudresourcemanager.googleapis.com/v1/projects {"projectId":"functions","name":"functions"}
[debug] [2023-12-05T21:32:23.916Z] <<< [apiv2][status] POST https://cloudresourcemanager.googleapis.com/v1/projects 409
[debug] [2023-12-05T21:32:23.916Z] <<< [apiv2][body] POST https://cloudresourcemanager.googleapis.com/v1/projects {"error":{"code":409,"message":"Requested entity already exists","status":"ALREADY_EXISTS"}}
[debug] [2023-12-05T21:32:23.968Z] FirebaseError: HTTP Error: 409, Requested entity already exists
    at responseToError (/usr/local/lib/node_modules/firebase-tools/lib/responseToError.js:49:12)
    at RetryOperation._fn (/usr/local/lib/node_modules/firebase-tools/lib/apiv2.js:285:77)
    at process.processTicksAndRejections (node:internal/process/task_queues:95:5)
[error] 
[error] Error: Failed to create project because there is already a project with ID functions. Please try again with a unique project ID.
